# JRE version: OpenJDK Runtime Environment (8.0_202-b03) (build 1.8.0_202-release-1483-b03)
# Java VM: OpenJDK 64-Bit Server VM (25.202-b03 mixed mode windows-amd64 compressed oops)
Heap:
 PSYoungGen      total 505856K, used 212900K [0x000000076ab00000, 0x0000000796700000, 0x00000007c0000000)
  eden space 315392K, 65% used [0x000000076ab00000,0x0000000777484948,0x000000077df00000)
  from space 190464K, 3% used [0x000000077df00000,0x000000077e564a48,0x0000000789900000)
  to   space 190976K, 0% used [0x000000078ac80000,0x000000078ac80000,0x0000000796700000)
 ParOldGen       total 351744K, used 118821K [0x00000006c0000000, 0x00000006d5780000, 0x000000076ab00000)
  object space 351744K, 33% used [0x00000006c0000000,0x00000006c7409760,0x00000006d5780000)
 Metaspace       used 133388K, capacity 141656K, committed 141952K, reserved 1173504K
  class space    used 16677K, capacity 18242K, committed 18304K, reserved 1048576K
GC Heap History (10 events):
Event: 5172.607 GC heap before
{Heap before GC invocations=44 (full 4):
 PSYoungGen      total 468992K, used 405628K [0x000000076ab00000, 0x0000000795700000, 0x00000007c0000000)
  eden space 278528K, 99% used [0x000000076ab00000,0x000000077bae6a18,0x000000077bb00000)
  from space 190464K, 66% used [0x000000077bb00000,0x00000007837386f8,0x0000000787500000)
  to   space 194560K, 0% used [0x0000000789900000,0x0000000789900000,0x0000000795700000)
 ParOldGen       total 324608K, used 237802K [0x00000006c0000000, 0x00000006d3d00000, 0x000000076ab00000)
  object space 324608K, 73% used [0x00000006c0000000,0x00000006ce83aac8,0x00000006d3d00000)
 Metaspace       used 130892K, capacity 138224K, committed 138496K, reserved 1169408K
  class space    used 16443K, capacity 17864K, committed 17920K, reserved 1048576K
Event: 5172.699 GC heap after
Heap after GC invocations=44 (full 4):
 PSYoungGen      total 476160K, used 93044K [0x000000076ab00000, 0x0000000793e80000, 0x00000007c0000000)
  eden space 306688K, 0% used [0x000000076ab00000,0x000000076ab00000,0x000000077d680000)
  from space 169472K, 54% used [0x0000000789900000,0x000000078f3dd3f0,0x0000000793e80000)
  to   space 184320K, 0% used [0x000000077d680000,0x000000077d680000,0x0000000788a80000)
 ParOldGen       total 324608K, used 281144K [0x00000006c0000000, 0x00000006d3d00000, 0x000000076ab00000)
  object space 324608K, 86% used [0x00000006c0000000,0x00000006d128e280,0x00000006d3d00000)
 Metaspace       used 130892K, capacity 138224K, committed 138496K, reserved 1169408K
  class space    used 16443K, capacity 17864K, committed 17920K, reserved 1048576K
}
Event: 5172.699 GC heap before
{Heap before GC invocations=45 (full 5):
 PSYoungGen      total 476160K, used 93044K [0x000000076ab00000, 0x0000000793e80000, 0x00000007c0000000)
  eden space 306688K, 0% used [0x000000076ab00000,0x000000076ab00000,0x000000077d680000)
  from space 169472K, 54% used [0x0000000789900000,0x000000078f3dd3f0,0x0000000793e80000)
  to   space 184320K, 0% used [0x000000077d680000,0x000000077d680000,0x0000000788a80000)
 ParOldGen       total 324608K, used 281144K [0x00000006c0000000, 0x00000006d3d00000, 0x000000076ab00000)
  object space 324608K, 86% used [0x00000006c0000000,0x00000006d128e280,0x00000006d3d00000)
 Metaspace       used 130892K, capacity 138224K, committed 138496K, reserved 1169408K
  class space    used 16443K, capacity 17864K, committed 17920K, reserved 1048576K
Event: 5173.195 GC heap after
Heap after GC invocations=45 (full 5):
 PSYoungGen      total 476160K, used 0K [0x000000076ab00000, 0x0000000793e80000, 0x00000007c0000000)
  eden space 306688K, 0% used [0x000000076ab00000,0x000000076ab00000,0x000000077d680000)
  from space 169472K, 0% used [0x0000000789900000,0x0000000789900000,0x0000000793e80000)
  to   space 184320K, 0% used [0x000000077d680000,0x000000077d680000,0x0000000788a80000)
 ParOldGen       total 351744K, used 118797K [0x00000006c0000000, 0x00000006d5780000, 0x000000076ab00000)
  object space 351744K, 33% used [0x00000006c0000000,0x00000006c7403760,0x00000006d5780000)
 Metaspace       used 130445K, capacity 137118K, committed 138496K, reserved 1169408K
  class space    used 16307K, capacity 17621K, committed 17920K, reserved 1048576K
}
Event: 5193.606 GC heap before
{Heap before GC invocations=46 (full 5):
 PSYoungGen      total 476160K, used 306688K [0x000000076ab00000, 0x0000000793e80000, 0x00000007c0000000)
  eden space 306688K, 100% used [0x000000076ab00000,0x000000077d680000,0x000000077d680000)
  from space 169472K, 0% used [0x0000000789900000,0x0000000789900000,0x0000000793e80000)
  to   space 184320K, 0% used [0x000000077d680000,0x000000077d680000,0x0000000788a80000)
 ParOldGen       total 351744K, used 118797K [0x00000006c0000000, 0x00000006d5780000, 0x000000076ab00000)
  object space 351744K, 33% used [0x00000006c0000000,0x00000006c7403760,0x00000006d5780000)
 Metaspace       used 130846K, capacity 137636K, committed 138752K, reserved 1169408K
  class space    used 16347K, capacity 17690K, committed 17920K, reserved 1048576K
Event: 5193.618 GC heap after
Heap after GC invocations=46 (full 5):
 PSYoungGen      total 491008K, used 9289K [0x000000076ab00000, 0x0000000793e80000, 0x00000007c0000000)
  eden space 306688K, 0% used [0x000000076ab00000,0x000000076ab00000,0x000000077d680000)
  from space 184320K, 5% used [0x000000077d680000,0x000000077df92688,0x0000000788a80000)
  to   space 169472K, 0% used [0x0000000789900000,0x0000000789900000,0x0000000793e80000)
 ParOldGen       total 351744K, used 118805K [0x00000006c0000000, 0x00000006d5780000, 0x000000076ab00000)
  object space 351744K, 33% used [0x00000006c0000000,0x00000006c7405760,0x00000006d5780000)
 Metaspace       used 130846K, capacity 137636K, committed 138752K, reserved 1169408K
  class space    used 16347K, capacity 17690K, committed 17920K, reserved 1048576K
}
Event: 5223.484 GC heap before
{Heap before GC invocations=47 (full 5):
 PSYoungGen      total 491008K, used 315977K [0x000000076ab00000, 0x0000000793e80000, 0x00000007c0000000)
  eden space 306688K, 100% used [0x000000076ab00000,0x000000077d680000,0x000000077d680000)
  from space 184320K, 5% used [0x000000077d680000,0x000000077df92688,0x0000000788a80000)
  to   space 169472K, 0% used [0x0000000789900000,0x0000000789900000,0x0000000793e80000)
 ParOldGen       total 351744K, used 118805K [0x00000006c0000000, 0x00000006d5780000, 0x000000076ab00000)
  object space 351744K, 33% used [0x00000006c0000000,0x00000006c7405760,0x00000006d5780000)
 Metaspace       used 131054K, capacity 137932K, committed 139008K, reserved 1171456K
  class space    used 16351K, capacity 17696K, committed 17920K, reserved 1048576K
Event: 5223.504 GC heap after
Heap after GC invocations=47 (full 5):
 PSYoungGen      total 484864K, used 16393K [0x000000076ab00000, 0x0000000796100000, 0x00000007c0000000)
  eden space 315392K, 0% used [0x000000076ab00000,0x000000076ab00000,0x000000077df00000)
  from space 169472K, 9% used [0x0000000789900000,0x000000078a9026b8,0x0000000793e80000)
  to   space 190464K, 0% used [0x000000077df00000,0x000000077df00000,0x0000000789900000)
 ParOldGen       total 351744K, used 118813K [0x00000006c0000000, 0x00000006d5780000, 0x000000076ab00000)
  object space 351744K, 33% used [0x00000006c0000000,0x00000006c7407760,0x00000006d5780000)
 Metaspace       used 131054K, capacity 137932K, committed 139008K, reserved 1171456K
  class space    used 16351K, capacity 17696K, committed 17920K, reserved 1048576K
}
Event: 5267.762 GC heap before
{Heap before GC invocations=48 (full 5):
 PSYoungGen      total 484864K, used 331785K [0x000000076ab00000, 0x0000000796100000, 0x00000007c0000000)
  eden space 315392K, 100% used [0x000000076ab00000,0x000000077df00000,0x000000077df00000)
  from space 169472K, 9% used [0x0000000789900000,0x000000078a9026b8,0x0000000793e80000)
  to   space 190464K, 0% used [0x000000077df00000,0x000000077df00000,0x0000000789900000)
 ParOldGen       total 351744K, used 118813K [0x00000006c0000000, 0x00000006d5780000, 0x000000076ab00000)
  object space 351744K, 33% used [0x00000006c0000000,0x00000006c7407760,0x00000006d5780000)
 Metaspace       used 133219K, capacity 141452K, committed 141696K, reserved 1173504K
  class space    used 16677K, capacity 18242K, committed 18304K, reserved 1048576K
Event: 5267.770 GC heap after
Heap after GC invocations=48 (full 5):
 PSYoungGen      total 505856K, used 6546K [0x000000076ab00000, 0x0000000796700000, 0x00000007c0000000)
  eden space 315392K, 0% used [0x000000076ab00000,0x000000076ab00000,0x000000077df00000)
  from space 190464K, 3% used [0x000000077df00000,0x000000077e564a48,0x0000000789900000)
  to   space 190976K, 0% used [0x000000078ac80000,0x000000078ac80000,0x0000000796700000)
 ParOldGen       total 351744K, used 118821K [0x00000006c0000000, 0x00000006d5780000, 0x000000076ab00000)
  object space 351744K, 33% used [0x00000006c0000000,0x00000006c7409760,0x00000006d5780000)
 Metaspace       used 133219K, capacity 141452K, committed 141696K, reserved 1173504K
  class space    used 16677K, capacity 18242K, committed 18304K, reserved 1048576K
}

