# JRE version: OpenJDK Runtime Environment (8.0_202-b03) (build 1.8.0_202-release-1483-b03)
# Java VM: OpenJDK 64-Bit Server VM (25.202-b03 mixed mode windows-amd64 compressed oops)
Heap:
 PSYoungGen      total 690688K, used 168976K [0x000000076ab00000, 0x000000079e880000, 0x00000007c0000000)
  eden space 562176K, 16% used [0x000000076ab00000,0x00000007703a6c18,0x000000078d000000)
  from space 128512K, 60% used [0x0000000795400000,0x000000079a05d6f0,0x000000079d180000)
  to   space 135168K, 0% used [0x000000078d000000,0x000000078d000000,0x0000000795400000)
 ParOldGen       total 372736K, used 131181K [0x00000006c0000000, 0x00000006d6c00000, 0x000000076ab00000)
  object space 372736K, 35% used [0x00000006c0000000,0x00000006c801b458,0x00000006d6c00000)
 Metaspace       used 247046K, capacity 256296K, committed 256728K, reserved 1273856K
  class space    used 29450K, capacity 31400K, committed 31448K, reserved 1048576K
GC Heap History (10 events):
Event: 9545.472 GC heap before
{Heap before GC invocations=56 (full 6):
 PSYoungGen      total 632832K, used 577307K [0x000000076ab00000, 0x000000079ba00000, 0x00000007c0000000)
  eden space 502272K, 100% used [0x000000076ab00000,0x0000000789580000,0x0000000789580000)
  from space 130560K, 57% used [0x0000000789580000,0x000000078dec6e58,0x0000000791500000)
  to   space 130560K, 0% used [0x0000000793a80000,0x0000000793a80000,0x000000079ba00000)
 ParOldGen       total 372736K, used 131141K [0x00000006c0000000, 0x00000006d6c00000, 0x000000076ab00000)
  object space 372736K, 35% used [0x00000006c0000000,0x00000006c8011458,0x00000006d6c00000)
 Metaspace       used 230056K, capacity 239192K, committed 239448K, reserved 1259520K
  class space    used 27579K, capacity 29478K, committed 29528K, reserved 1048576K
Event: 9545.553 GC heap after
Heap after GC invocations=56 (full 6):
 PSYoungGen      total 654848K, used 119678K [0x000000076ab00000, 0x000000079d380000, 0x00000007c0000000)
  eden space 524288K, 0% used [0x000000076ab00000,0x000000076ab00000,0x000000078ab00000)
  from space 130560K, 91% used [0x0000000793a80000,0x000000079af5fa20,0x000000079ba00000)
  to   space 146944K, 0% used [0x000000078ab00000,0x000000078ab00000,0x0000000793a80000)
 ParOldGen       total 372736K, used 131149K [0x00000006c0000000, 0x00000006d6c00000, 0x000000076ab00000)
  object space 372736K, 35% used [0x00000006c0000000,0x00000006c8013458,0x00000006d6c00000)
 Metaspace       used 230056K, capacity 239192K, committed 239448K, reserved 1259520K
  class space    used 27579K, capacity 29478K, committed 29528K, reserved 1048576K
}
Event: 10584.555 GC heap before
{Heap before GC invocations=57 (full 6):
 PSYoungGen      total 654848K, used 642522K [0x000000076ab00000, 0x000000079d380000, 0x00000007c0000000)
  eden space 524288K, 99% used [0x000000076ab00000,0x000000078a996ed8,0x000000078ab00000)
  from space 130560K, 91% used [0x0000000793a80000,0x000000079af5fa20,0x000000079ba00000)
  to   space 146944K, 0% used [0x000000078ab00000,0x000000078ab00000,0x0000000793a80000)
 ParOldGen       total 372736K, used 131149K [0x00000006c0000000, 0x00000006d6c00000, 0x000000076ab00000)
  object space 372736K, 35% used [0x00000006c0000000,0x00000006c8013458,0x00000006d6c00000)
 Metaspace       used 230326K, capacity 239428K, committed 239704K, reserved 1259520K
  class space    used 27596K, capacity 29518K, committed 29528K, reserved 1048576K
Event: 10584.633 GC heap after
Heap after GC invocations=57 (full 6):
 PSYoungGen      total 671232K, used 82858K [0x000000076ab00000, 0x000000079e280000, 0x00000007c0000000)
  eden space 524288K, 0% used [0x000000076ab00000,0x000000076ab00000,0x000000078ab00000)
  from space 146944K, 56% used [0x000000078ab00000,0x000000078fbeabc0,0x0000000793a80000)
  to   space 145920K, 0% used [0x0000000795400000,0x0000000795400000,0x000000079e280000)
 ParOldGen       total 372736K, used 131157K [0x00000006c0000000, 0x00000006d6c00000, 0x000000076ab00000)
  object space 372736K, 35% used [0x00000006c0000000,0x00000006c8015458,0x00000006d6c00000)
 Metaspace       used 230326K, capacity 239428K, committed 239704K, reserved 1259520K
  class space    used 27596K, capacity 29518K, committed 29528K, reserved 1048576K
}
Event: 10794.451 GC heap before
{Heap before GC invocations=58 (full 6):
 PSYoungGen      total 671232K, used 607146K [0x000000076ab00000, 0x000000079e280000, 0x00000007c0000000)
  eden space 524288K, 100% used [0x000000076ab00000,0x000000078ab00000,0x000000078ab00000)
  from space 146944K, 56% used [0x000000078ab00000,0x000000078fbeabc0,0x0000000793a80000)
  to   space 145920K, 0% used [0x0000000795400000,0x0000000795400000,0x000000079e280000)
 ParOldGen       total 372736K, used 131157K [0x00000006c0000000, 0x00000006d6c00000, 0x000000076ab00000)
  object space 372736K, 35% used [0x00000006c0000000,0x00000006c8015458,0x00000006d6c00000)
 Metaspace       used 237878K, capacity 247016K, committed 247512K, reserved 1265664K
  class space    used 28438K, capacity 30362K, committed 30424K, reserved 1048576K
Event: 10794.505 GC heap after
Heap after GC invocations=58 (full 6):
 PSYoungGen      total 674816K, used 69831K [0x000000076ab00000, 0x000000079d180000, 0x00000007c0000000)
  eden space 546304K, 0% used [0x000000076ab00000,0x000000076ab00000,0x000000078c080000)
  from space 128512K, 54% used [0x0000000795400000,0x0000000799831ed0,0x000000079d180000)
  to   space 139776K, 0% used [0x000000078c080000,0x000000078c080000,0x0000000794900000)
 ParOldGen       total 372736K, used 131165K [0x00000006c0000000, 0x00000006d6c00000, 0x000000076ab00000)
  object space 372736K, 35% used [0x00000006c0000000,0x00000006c8017458,0x00000006d6c00000)
 Metaspace       used 237878K, capacity 247016K, committed 247512K, reserved 1265664K
  class space    used 28438K, capacity 30362K, committed 30424K, reserved 1048576K
}
Event: 10798.785 GC heap before
{Heap before GC invocations=59 (full 6):
 PSYoungGen      total 674816K, used 616135K [0x000000076ab00000, 0x000000079d180000, 0x00000007c0000000)
  eden space 546304K, 100% used [0x000000076ab00000,0x000000078c080000,0x000000078c080000)
  from space 128512K, 54% used [0x0000000795400000,0x0000000799831ed0,0x000000079d180000)
  to   space 139776K, 0% used [0x000000078c080000,0x000000078c080000,0x0000000794900000)
 ParOldGen       total 372736K, used 131165K [0x00000006c0000000, 0x00000006d6c00000, 0x000000076ab00000)
  object space 372736K, 35% used [0x00000006c0000000,0x00000006c8017458,0x00000006d6c00000)
 Metaspace       used 245536K, capacity 254712K, committed 255064K, reserved 1273856K
  class space    used 29298K, capacity 31246K, committed 31320K, reserved 1048576K
Event: 10798.915 GC heap after
Heap after GC invocations=59 (full 6):
 PSYoungGen      total 686080K, used 79246K [0x000000076ab00000, 0x000000079d180000, 0x00000007c0000000)
  eden space 546304K, 0% used [0x000000076ab00000,0x000000076ab00000,0x000000078c080000)
  from space 139776K, 56% used [0x000000078c080000,0x0000000790de3b00,0x0000000794900000)
  to   space 128512K, 0% used [0x0000000795400000,0x0000000795400000,0x000000079d180000)
 ParOldGen       total 372736K, used 131173K [0x00000006c0000000, 0x00000006d6c00000, 0x000000076ab00000)
  object space 372736K, 35% used [0x00000006c0000000,0x00000006c8019458,0x00000006d6c00000)
 Metaspace       used 245536K, capacity 254712K, committed 255064K, reserved 1273856K
  class space    used 29298K, capacity 31246K, committed 31320K, reserved 1048576K
}
Event: 11047.160 GC heap before
{Heap before GC invocations=60 (full 6):
 PSYoungGen      total 686080K, used 625550K [0x000000076ab00000, 0x000000079d180000, 0x00000007c0000000)
  eden space 546304K, 100% used [0x000000076ab00000,0x000000078c080000,0x000000078c080000)
  from space 139776K, 56% used [0x000000078c080000,0x0000000790de3b00,0x0000000794900000)
  to   space 128512K, 0% used [0x0000000795400000,0x0000000795400000,0x000000079d180000)
 ParOldGen       total 372736K, used 131173K [0x00000006c0000000, 0x00000006d6c00000, 0x000000076ab00000)
  object space 372736K, 35% used [0x00000006c0000000,0x00000006c8019458,0x00000006d6c00000)
 Metaspace       used 246517K, capacity 255790K, committed 256216K, reserved 1273856K
  class space    used 29394K, capacity 31351K, committed 31448K, reserved 1048576K
Event: 11047.210 GC heap after
Heap after GC invocations=60 (full 6):
 PSYoungGen      total 690688K, used 78197K [0x000000076ab00000, 0x000000079e880000, 0x00000007c0000000)
  eden space 562176K, 0% used [0x000000076ab00000,0x000000076ab00000,0x000000078d000000)
  from space 128512K, 60% used [0x0000000795400000,0x000000079a05d6f0,0x000000079d180000)
  to   space 135168K, 0% used [0x000000078d000000,0x000000078d000000,0x0000000795400000)
 ParOldGen       total 372736K, used 131181K [0x00000006c0000000, 0x00000006d6c00000, 0x000000076ab00000)
  object space 372736K, 35% used [0x00000006c0000000,0x00000006c801b458,0x00000006d6c00000)
 Metaspace       used 246517K, capacity 255790K, committed 256216K, reserved 1273856K
  class space    used 29394K, capacity 31351K, committed 31448K, reserved 1048576K
}

