# JRE version: OpenJDK Runtime Environment (8.0_202-b03) (build 1.8.0_202-release-1483-b03)
# Java VM: OpenJDK 64-Bit Server VM (25.202-b03 mixed mode windows-amd64 compressed oops)
Heap:
 PSYoungGen      total 638976K, used 358226K [0x000000076ab00000, 0x00000007a2c00000, 0x00000007c0000000)
  eden space 385536K, 46% used [0x000000076ab00000,0x000000077590ea60,0x0000000782380000)
  from space 253440K, 71% used [0x0000000792180000,0x000000079d145ed0,0x00000007a1900000)
  to   space 260096K, 0% used [0x0000000782380000,0x0000000782380000,0x0000000792180000)
 ParOldGen       total 388096K, used 279381K [0x00000006c0000000, 0x00000006d7b00000, 0x000000076ab00000)
  object space 388096K, 71% used [0x00000006c0000000,0x00000006d10d5640,0x00000006d7b00000)
 Metaspace       used 194269K, capacity 203156K, committed 203480K, reserved 1226752K
  class space    used 23518K, capacity 25302K, committed 25304K, reserved 1048576K
GC Heap History (10 events):
Event: 5352.876 GC heap before
{Heap before GC invocations=51 (full 5):
 PSYoungGen      total 575488K, used 500799K [0x000000076ab00000, 0x00000007a0100000, 0x00000007c0000000)
  eden space 313856K, 100% used [0x000000076ab00000,0x000000077dd80000,0x000000077dd80000)
  from space 261632K, 71% used [0x000000077dd80000,0x000000078940fd40,0x000000078dd00000)
  to   space 270848K, 0% used [0x000000078f880000,0x000000078f880000,0x00000007a0100000)
 ParOldGen       total 388096K, used 208707K [0x00000006c0000000, 0x00000006d7b00000, 0x000000076ab00000)
  object space 388096K, 53% used [0x00000006c0000000,0x00000006ccbd0e38,0x00000006d7b00000)
 Metaspace       used 178731K, capacity 187464K, committed 187608K, reserved 1214464K
  class space    used 21792K, capacity 23502K, committed 23512K, reserved 1048576K
Event: 5353.001 GC heap after
Heap after GC invocations=51 (full 5):
 PSYoungGen      total 605184K, used 107248K [0x000000076ab00000, 0x000000079f900000, 0x00000007c0000000)
  eden space 342528K, 0% used [0x000000076ab00000,0x000000076ab00000,0x000000077f980000)
  from space 262656K, 40% used [0x000000078f880000,0x000000079613c2d8,0x000000079f900000)
  to   space 261120K, 0% used [0x000000077f980000,0x000000077f980000,0x000000078f880000)
 ParOldGen       total 388096K, used 275030K [0x00000006c0000000, 0x00000006d7b00000, 0x000000076ab00000)
  object space 388096K, 70% used [0x00000006c0000000,0x00000006d0c958c0,0x00000006d7b00000)
 Metaspace       used 178731K, capacity 187464K, committed 187608K, reserved 1214464K
  class space    used 21792K, capacity 23502K, committed 23512K, reserved 1048576K
}
Event: 5995.338 GC heap before
{Heap before GC invocations=52 (full 5):
 PSYoungGen      total 605184K, used 449776K [0x000000076ab00000, 0x000000079f900000, 0x00000007c0000000)
  eden space 342528K, 100% used [0x000000076ab00000,0x000000077f980000,0x000000077f980000)
  from space 262656K, 40% used [0x000000078f880000,0x000000079613c2d8,0x000000079f900000)
  to   space 261120K, 0% used [0x000000077f980000,0x000000077f980000,0x000000078f880000)
 ParOldGen       total 388096K, used 275030K [0x00000006c0000000, 0x00000006d7b00000, 0x000000076ab00000)
  object space 388096K, 70% used [0x00000006c0000000,0x00000006d0c958c0,0x00000006d7b00000)
 Metaspace       used 178853K, capacity 187596K, committed 187864K, reserved 1214464K
  class space    used 21794K, capacity 23502K, committed 23512K, reserved 1048576K
Event: 5995.395 GC heap after
Heap after GC invocations=52 (full 5):
 PSYoungGen      total 603648K, used 92589K [0x000000076ab00000, 0x00000007a0600000, 0x00000007c0000000)
  eden space 342528K, 0% used [0x000000076ab00000,0x000000076ab00000,0x000000077f980000)
  from space 261120K, 35% used [0x000000077f980000,0x00000007853eb5a0,0x000000078f880000)
  to   space 254464K, 0% used [0x0000000790d80000,0x0000000790d80000,0x00000007a0600000)
 ParOldGen       total 388096K, used 276458K [0x00000006c0000000, 0x00000006d7b00000, 0x000000076ab00000)
  object space 388096K, 71% used [0x00000006c0000000,0x00000006d0dfa928,0x00000006d7b00000)
 Metaspace       used 178853K, capacity 187596K, committed 187864K, reserved 1214464K
  class space    used 21794K, capacity 23502K, committed 23512K, reserved 1048576K
}
Event: 5998.350 GC heap before
{Heap before GC invocations=53 (full 5):
 PSYoungGen      total 603648K, used 435117K [0x000000076ab00000, 0x00000007a0600000, 0x00000007c0000000)
  eden space 342528K, 100% used [0x000000076ab00000,0x000000077f980000,0x000000077f980000)
  from space 261120K, 35% used [0x000000077f980000,0x00000007853eb5a0,0x000000078f880000)
  to   space 254464K, 0% used [0x0000000790d80000,0x0000000790d80000,0x00000007a0600000)
 ParOldGen       total 388096K, used 276458K [0x00000006c0000000, 0x00000006d7b00000, 0x000000076ab00000)
  object space 388096K, 71% used [0x00000006c0000000,0x00000006d0dfa928,0x00000006d7b00000)
 Metaspace       used 186440K, capacity 195224K, committed 195416K, reserved 1220608K
  class space    used 22655K, capacity 24386K, committed 24408K, reserved 1048576K
Event: 5998.438 GC heap after
Heap after GC invocations=53 (full 5):
 PSYoungGen      total 619520K, used 176116K [0x000000076ab00000, 0x00000007a1480000, 0x00000007c0000000)
  eden space 365056K, 0% used [0x000000076ab00000,0x000000076ab00000,0x0000000780f80000)
  from space 254464K, 69% used [0x0000000790d80000,0x000000079b97d380,0x00000007a0600000)
  to   space 260096K, 0% used [0x0000000780f80000,0x0000000780f80000,0x0000000790d80000)
 ParOldGen       total 388096K, used 277901K [0x00000006c0000000, 0x00000006d7b00000, 0x000000076ab00000)
  object space 388096K, 71% used [0x00000006c0000000,0x00000006d0f63420,0x00000006d7b00000)
 Metaspace       used 186440K, capacity 195224K, committed 195416K, reserved 1220608K
  class space    used 22655K, capacity 24386K, committed 24408K, reserved 1048576K
}
Event: 6828.069 GC heap before
{Heap before GC invocations=54 (full 5):
 PSYoungGen      total 619520K, used 541172K [0x000000076ab00000, 0x00000007a1480000, 0x00000007c0000000)
  eden space 365056K, 100% used [0x000000076ab00000,0x0000000780f80000,0x0000000780f80000)
  from space 254464K, 69% used [0x0000000790d80000,0x000000079b97d380,0x00000007a0600000)
  to   space 260096K, 0% used [0x0000000780f80000,0x0000000780f80000,0x0000000790d80000)
 ParOldGen       total 388096K, used 277901K [0x00000006c0000000, 0x00000006d7b00000, 0x000000076ab00000)
  object space 388096K, 71% used [0x00000006c0000000,0x00000006d0f63420,0x00000006d7b00000)
 Metaspace       used 186599K, capacity 195432K, committed 195672K, reserved 1220608K
  class space    used 22655K, capacity 24386K, committed 24408K, reserved 1048576K
Event: 6828.124 GC heap after
Heap after GC invocations=54 (full 5):
 PSYoungGen      total 625152K, used 94364K [0x000000076ab00000, 0x00000007a1900000, 0x00000007c0000000)
  eden space 365056K, 0% used [0x000000076ab00000,0x000000076ab00000,0x0000000780f80000)
  from space 260096K, 36% used [0x0000000780f80000,0x0000000786ba72f8,0x0000000790d80000)
  to   space 253440K, 0% used [0x0000000792180000,0x0000000792180000,0x00000007a1900000)
 ParOldGen       total 388096K, used 279171K [0x00000006c0000000, 0x00000006d7b00000, 0x000000076ab00000)
  object space 388096K, 71% used [0x00000006c0000000,0x00000006d10a0e30,0x00000006d7b00000)
 Metaspace       used 186599K, capacity 195432K, committed 195672K, reserved 1220608K
  class space    used 22655K, capacity 24386K, committed 24408K, reserved 1048576K
}
Event: 6830.577 GC heap before
{Heap before GC invocations=55 (full 5):
 PSYoungGen      total 625152K, used 459420K [0x000000076ab00000, 0x00000007a1900000, 0x00000007c0000000)
  eden space 365056K, 100% used [0x000000076ab00000,0x0000000780f80000,0x0000000780f80000)
  from space 260096K, 36% used [0x0000000780f80000,0x0000000786ba72f8,0x0000000790d80000)
  to   space 253440K, 0% used [0x0000000792180000,0x0000000792180000,0x00000007a1900000)
 ParOldGen       total 388096K, used 279171K [0x00000006c0000000, 0x00000006d7b00000, 0x000000076ab00000)
  object space 388096K, 71% used [0x00000006c0000000,0x00000006d10a0e30,0x00000006d7b00000)
 Metaspace       used 194202K, capacity 203060K, committed 203480K, reserved 1226752K
  class space    used 23515K, capacity 25270K, committed 25304K, reserved 1048576K
Event: 6830.671 GC heap after
Heap after GC invocations=55 (full 5):
 PSYoungGen      total 638976K, used 179991K [0x000000076ab00000, 0x00000007a2c00000, 0x00000007c0000000)
  eden space 385536K, 0% used [0x000000076ab00000,0x000000076ab00000,0x0000000782380000)
  from space 253440K, 71% used [0x0000000792180000,0x000000079d145ed0,0x00000007a1900000)
  to   space 260096K, 0% used [0x0000000782380000,0x0000000782380000,0x0000000792180000)
 ParOldGen       total 388096K, used 279381K [0x00000006c0000000, 0x00000006d7b00000, 0x000000076ab00000)
  object space 388096K, 71% used [0x00000006c0000000,0x00000006d10d5640,0x00000006d7b00000)
 Metaspace       used 194202K, capacity 203060K, committed 203480K, reserved 1226752K
  class space    used 23515K, capacity 25270K, committed 25304K, reserved 1048576K
}

