# JRE version: OpenJDK Runtime Environment (8.0_202-b03) (build 1.8.0_202-release-1483-b03)
# Java VM: OpenJDK 64-Bit Server VM (25.202-b03 mixed mode windows-amd64 compressed oops)
Heap:
 PSYoungGen      total 773120K, used 773103K [0x000000076ab00000, 0x00000007a4480000, 0x00000007c0000000)
  eden space 631808K, 100% used [0x000000076ab00000,0x0000000791400000,0x0000000791400000)
  from space 141312K, 99% used [0x000000079ba80000,0x00000007a447bf78,0x00000007a4480000)
  to   space 109568K, 99% used [0x0000000791400000,0x0000000797eff3a8,0x0000000797f00000)
 ParOldGen       total 338944K, used 223745K [0x00000006c0000000, 0x00000006d4b00000, 0x000000076ab00000)
  object space 338944K, 66% used [0x00000006c0000000,0x00000006cda88440,0x00000006d4b00000)
 Metaspace       used 272930K, capacity 282284K, committed 282752K, reserved 1300480K
  class space    used 32380K, capacity 34356K, committed 34432K, reserved 1048576K
GC Heap History (10 events):
Event: 8314.385 GC heap after
Heap after GC invocations=56 (full 6):
 PSYoungGen      total 697344K, used 69476K [0x000000076ab00000, 0x000000079bb80000, 0x00000007c0000000)
  eden space 598528K, 0% used [0x000000076ab00000,0x000000076ab00000,0x000000078f380000)
  from space 98816K, 70% used [0x0000000795b00000,0x0000000799ed9008,0x000000079bb80000)
  to   space 102400K, 0% used [0x000000078f380000,0x000000078f380000,0x0000000795780000)
 ParOldGen       total 338944K, used 131313K [0x00000006c0000000, 0x00000006d4b00000, 0x000000076ab00000)
  object space 338944K, 38% used [0x00000006c0000000,0x00000006c803c7b8,0x00000006d4b00000)
 Metaspace       used 235446K, capacity 244628K, committed 244992K, reserved 1263616K
  class space    used 28196K, capacity 30070K, committed 30208K, reserved 1048576K
}
Event: 8318.939 GC heap before
{Heap before GC invocations=57 (full 6):
 PSYoungGen      total 697344K, used 668004K [0x000000076ab00000, 0x000000079bb80000, 0x00000007c0000000)
  eden space 598528K, 100% used [0x000000076ab00000,0x000000078f380000,0x000000078f380000)
  from space 98816K, 70% used [0x0000000795b00000,0x0000000799ed9008,0x000000079bb80000)
  to   space 102400K, 0% used [0x000000078f380000,0x000000078f380000,0x0000000795780000)
 ParOldGen       total 338944K, used 131313K [0x00000006c0000000, 0x00000006d4b00000, 0x000000076ab00000)
  object space 338944K, 38% used [0x00000006c0000000,0x00000006c803c7b8,0x00000006d4b00000)
 Metaspace       used 243135K, capacity 252390K, committed 252672K, reserved 1271808K
  class space    used 29058K, capacity 30955K, committed 30976K, reserved 1048576K
Event: 8319.031 GC heap after
Heap after GC invocations=57 (full 6):
 PSYoungGen      total 700928K, used 75407K [0x000000076ab00000, 0x000000079e980000, 0x00000007c0000000)
  eden space 598528K, 0% used [0x000000076ab00000,0x000000076ab00000,0x000000078f380000)
  from space 102400K, 73% used [0x000000078f380000,0x0000000793d23ee8,0x0000000795780000)
  to   space 105984K, 0% used [0x0000000798200000,0x0000000798200000,0x000000079e980000)
 ParOldGen       total 338944K, used 131321K [0x00000006c0000000, 0x00000006d4b00000, 0x000000076ab00000)
  object space 338944K, 38% used [0x00000006c0000000,0x00000006c803e7b8,0x00000006d4b00000)
 Metaspace       used 243135K, capacity 252390K, committed 252672K, reserved 1271808K
  class space    used 29058K, capacity 30955K, committed 30976K, reserved 1048576K
}
Event: 8393.043 GC heap before
{Heap before GC invocations=58 (full 6):
 PSYoungGen      total 700928K, used 673935K [0x000000076ab00000, 0x000000079e980000, 0x00000007c0000000)
  eden space 598528K, 100% used [0x000000076ab00000,0x000000078f380000,0x000000078f380000)
  from space 102400K, 73% used [0x000000078f380000,0x0000000793d23ee8,0x0000000795780000)
  to   space 105984K, 0% used [0x0000000798200000,0x0000000798200000,0x000000079e980000)
 ParOldGen       total 338944K, used 131321K [0x00000006c0000000, 0x00000006d4b00000, 0x000000076ab00000)
  object space 338944K, 38% used [0x00000006c0000000,0x00000006c803e7b8,0x00000006d4b00000)
 Metaspace       used 250794K, capacity 260030K, committed 260224K, reserved 1277952K
  class space    used 29919K, capacity 31839K, committed 31872K, reserved 1048576K
Event: 8393.098 GC heap after
Heap after GC invocations=58 (full 6):
 PSYoungGen      total 737792K, used 78735K [0x000000076ab00000, 0x000000079ea00000, 0x00000007c0000000)
  eden space 631808K, 0% used [0x000000076ab00000,0x000000076ab00000,0x0000000791400000)
  from space 105984K, 74% used [0x0000000798200000,0x000000079cee3f70,0x000000079e980000)
  to   space 109568K, 0% used [0x0000000791400000,0x0000000791400000,0x0000000797f00000)
 ParOldGen       total 338944K, used 131329K [0x00000006c0000000, 0x00000006d4b00000, 0x000000076ab00000)
  object space 338944K, 38% used [0x00000006c0000000,0x00000006c80407b8,0x00000006d4b00000)
 Metaspace       used 250794K, capacity 260030K, committed 260224K, reserved 1277952K
  class space    used 29919K, capacity 31839K, committed 31872K, reserved 1048576K
}
Event: 8596.991 GC heap before
{Heap before GC invocations=59 (full 6):
 PSYoungGen      total 737792K, used 710543K [0x000000076ab00000, 0x000000079ea00000, 0x00000007c0000000)
  eden space 631808K, 100% used [0x000000076ab00000,0x0000000791400000,0x0000000791400000)
  from space 105984K, 74% used [0x0000000798200000,0x000000079cee3f70,0x000000079e980000)
  to   space 109568K, 0% used [0x0000000791400000,0x0000000791400000,0x0000000797f00000)
 ParOldGen       total 338944K, used 131329K [0x00000006c0000000, 0x00000006d4b00000, 0x000000076ab00000)
  object space 338944K, 38% used [0x00000006c0000000,0x00000006c80407b8,0x00000006d4b00000)
 Metaspace       used 258540K, capacity 267810K, committed 268032K, reserved 1284096K
  class space    used 30782K, capacity 32727K, committed 32768K, reserved 1048576K
Event: 8597.152 GC heap after
Heap after GC invocations=59 (full 6):
 PSYoungGen      total 741376K, used 109554K [0x000000076ab00000, 0x00000007a4480000, 0x00000007c0000000)
  eden space 631808K, 0% used [0x000000076ab00000,0x000000076ab00000,0x0000000791400000)
  from space 109568K, 99% used [0x0000000791400000,0x0000000797efc810,0x0000000797f00000)
  to   space 141312K, 0% used [0x000000079ba80000,0x000000079ba80000,0x00000007a4480000)
 ParOldGen       total 338944K, used 178708K [0x00000006c0000000, 0x00000006d4b00000, 0x000000076ab00000)
  object space 338944K, 52% used [0x00000006c0000000,0x00000006cae85220,0x00000006d4b00000)
 Metaspace       used 258540K, capacity 267810K, committed 268032K, reserved 1284096K
  class space    used 30782K, capacity 32727K, committed 32768K, reserved 1048576K
}
Event: 11262.390 GC heap before
{Heap before GC invocations=60 (full 6):
 PSYoungGen      total 741376K, used 741362K [0x000000076ab00000, 0x00000007a4480000, 0x00000007c0000000)
  eden space 631808K, 100% used [0x000000076ab00000,0x0000000791400000,0x0000000791400000)
  from space 109568K, 99% used [0x0000000791400000,0x0000000797efc810,0x0000000797f00000)
  to   space 141312K, 0% used [0x000000079ba80000,0x000000079ba80000,0x00000007a4480000)
 ParOldGen       total 338944K, used 178708K [0x00000006c0000000, 0x00000006d4b00000, 0x000000076ab00000)
  object space 338944K, 52% used [0x00000006c0000000,0x00000006cae85220,0x00000006d4b00000)
 Metaspace       used 266288K, capacity 275574K, committed 275840K, reserved 1292288K
  class space    used 31643K, capacity 33611K, committed 33664K, reserved 1048576K
Event: 11262.571 GC heap after
Heap after GC invocations=60 (full 6):
 PSYoungGen      total 773120K, used 141295K [0x000000076ab00000, 0x00000007a4480000, 0x00000007c0000000)
  eden space 631808K, 0% used [0x000000076ab00000,0x000000076ab00000,0x0000000791400000)
  from space 141312K, 99% used [0x000000079ba80000,0x00000007a447bf78,0x00000007a4480000)
  to   space 109568K, 0% used [0x0000000791400000,0x0000000791400000,0x0000000797f00000)
 ParOldGen       total 338944K, used 199260K [0x00000006c0000000, 0x00000006d4b00000, 0x000000076ab00000)
  object space 338944K, 58% used [0x00000006c0000000,0x00000006cc297380,0x00000006d4b00000)
 Metaspace       used 266288K, capacity 275574K, committed 275840K, reserved 1292288K
  class space    used 31643K, capacity 33611K, committed 33664K, reserved 1048576K
}
Event: 11457.752 GC heap before
{Heap before GC invocations=61 (full 6):
 PSYoungGen      total 773120K, used 773103K [0x000000076ab00000, 0x00000007a4480000, 0x00000007c0000000)
  eden space 631808K, 100% used [0x000000076ab00000,0x0000000791400000,0x0000000791400000)
  from space 141312K, 99% used [0x000000079ba80000,0x00000007a447bf78,0x00000007a4480000)
  to   space 109568K, 0% used [0x0000000791400000,0x0000000791400000,0x0000000797f00000)
 ParOldGen       total 338944K, used 199260K [0x00000006c0000000, 0x00000006d4b00000, 0x000000076ab00000)
  object space 338944K, 58% used [0x00000006c0000000,0x00000006cc297380,0x00000006d4b00000)
 Metaspace       used 272930K, capacity 282284K, committed 282752K, reserved 1300480K
  class space    used 32380K, capacity 34356K, committed 34432K, reserved 1048576K

